<?xml version="1.0" encoding="UTF-8"?>
<!-- Generated by org.testng.reporters.JUnitReportReporter -->
<testsuite skipped="0" hostname="DELAKUM1862324" name="SimpleGetTest" tests="1" failures="0" timestamp="22 Sep 2018 14:18:39 GMT" time="11.446" errors="0">
  <testcase name="GetWeatherDetails" time="11.446" classname="SimpleGetTest"/>
</testsuite> <!-- SimpleGetTest -->
