<?xml version="1.0" encoding="UTF-8"?>
<!-- Generated by org.testng.reporters.JUnitReportReporter -->
<testsuite skipped="0" hostname="DELAKUM1862324" name="SimplePostTest" tests="1" failures="0" timestamp="21 Sep 2018 15:17:29 GMT" time="3.078" errors="0">
  <testcase name="JsonToArrayList" time="3.078" classname="SimplePostTest"/>
</testsuite> <!-- SimplePostTest -->
